0 info it worked if it ends with ok
1 verbose cli [ '/usr/local/bin/node', '/usr/local/bin/npm', 'run', 'nodue' ]
2 info using npm@3.10.3
3 info using node@v6.7.0
4 verbose run-script [ 'prenodue', 'nodue', 'postnodue' ]
5 info lifecycle @~prenodue: @
6 silly lifecycle @~prenodue: no script for prenodue, continuing
7 info lifecycle @~nodue: @
8 verbose lifecycle @~nodue: unsafe-perm in lifecycle true
9 verbose lifecycle @~nodue: PATH: /usr/local/lib/node_modules/npm/bin/node-gyp-bin:/Users/Timon/Projects/nodue/node_modules/.bin:/usr/local/bin:/Users/Timon/.composer/vendor/bin:/usr/local/php5/bin:/Library/Frameworks/Python.framework/Versions/3.5/bin:/usr/local/bin:/usr/bin:/bin:/usr/sbin:/sbin:~/.composer/vendor/bin:/opt/local/bin:/opt/X11/bin:/Users/Timon/.rvm/bin
10 verbose lifecycle @~nodue: CWD: /Users/Timon/Projects/nodue
11 silly lifecycle @~nodue: Args: [ '-c', 'node index.js' ]
12 silly lifecycle @~nodue: Returned: code: 1  signal: null
13 info lifecycle @~nodue: Failed to exec nodue script
14 verbose stack Error: @ nodue: `node index.js`
14 verbose stack Exit status 1
14 verbose stack     at EventEmitter.<anonymous> (/usr/local/lib/node_modules/npm/lib/utils/lifecycle.js:242:16)
14 verbose stack     at emitTwo (events.js:106:13)
14 verbose stack     at EventEmitter.emit (events.js:191:7)
14 verbose stack     at ChildProcess.<anonymous> (/usr/local/lib/node_modules/npm/lib/utils/spawn.js:40:14)
14 verbose stack     at emitTwo (events.js:106:13)
14 verbose stack     at ChildProcess.emit (events.js:191:7)
14 verbose stack     at maybeClose (internal/child_process.js:877:16)
14 verbose stack     at Process.ChildProcess._handle.onexit (internal/child_process.js:226:5)
15 verbose pkgid @
16 verbose cwd /Users/Timon/Projects/nodue
17 error Darwin 16.1.0
18 error argv "/usr/local/bin/node" "/usr/local/bin/npm" "run" "nodue"
19 error node v6.7.0
20 error npm  v3.10.3
21 error code ELIFECYCLE
22 error @ nodue: `node index.js`
22 error Exit status 1
23 error Failed at the @ nodue script 'node index.js'.
23 error Make sure you have the latest version of node.js and npm installed.
23 error If you do, this is most likely a problem with the  package,
23 error not with npm itself.
23 error Tell the author that this fails on your system:
23 error     node index.js
23 error You can get information on how to open an issue for this project with:
23 error     npm bugs
23 error Or if that isn't available, you can get their info via:
23 error     npm owner ls
23 error There is likely additional logging output above.
24 verbose exit [ 1, true ]
